VmRSS:	    9032 kB
VmRSS:	    9876 kB
VmRSS:	   10196 kB
VmRSS:	   10460 kB
VmRSS:	   10724 kB
VmRSS:	   10988 kB
VmRSS:	   11252 kB
VmRSS:	   11780 kB
VmRSS:	   12044 kB
VmRSS:	   12308 kB
VmRSS:	   12572 kB
VmRSS:	   12836 kB
VmRSS:	   13100 kB
VmRSS:	   13364 kB
Completed 1000000 requests
VmRSS:	   13628 kB
VmRSS:	   14156 kB
VmRSS:	   14416 kB
VmRSS:	   14680 kB
VmRSS:	   14944 kB
VmRSS:	   15208 kB
VmRSS:	   15472 kB
VmRSS:	   15736 kB
VmRSS:	   16264 kB
VmRSS:	   16528 kB
VmRSS:	   16792 kB
VmRSS:	   17056 kB
VmRSS:	   17320 kB
VmRSS:	   17584 kB
Completed 2000000 requests
VmRSS:	   17848 kB
VmRSS:	   18376 kB
VmRSS:	   18640 kB
VmRSS:	   18904 kB
VmRSS:	   19168 kB
VmRSS:	   19432 kB
VmRSS:	   19696 kB
VmRSS:	   19960 kB
VmRSS:	   20488 kB
VmRSS:	   20752 kB
VmRSS:	   21016 kB
VmRSS:	   21280 kB
VmRSS:	   21544 kB
VmRSS:	   21808 kB
Completed 3000000 requests
VmRSS:	   22072 kB
VmRSS:	   22600 kB
VmRSS:	   22864 kB
VmRSS:	   23128 kB
VmRSS:	   23392 kB
VmRSS:	   23656 kB
VmRSS:	   23920 kB
VmRSS:	   24184 kB
VmRSS:	   24448 kB
VmRSS:	   24976 kB
VmRSS:	   25240 kB
VmRSS:	   25504 kB
VmRSS:	   25768 kB
VmRSS:	   26032 kB
Completed 4000000 requests
VmRSS:	   26296 kB
VmRSS:	   26560 kB
VmRSS:	   27088 kB
VmRSS:	   27352 kB
VmRSS:	   27616 kB
VmRSS:	   27880 kB
VmRSS:	   28144 kB
VmRSS:	   28408 kB
VmRSS:	   28672 kB
VmRSS:	   28936 kB
VmRSS:	   29464 kB
VmRSS:	   29728 kB
VmRSS:	   29992 kB
VmRSS:	   30256 kB
Completed 5000000 requests
VmRSS:	   30520 kB
VmRSS:	   30784 kB
VmRSS:	   31048 kB
VmRSS:	   31312 kB
VmRSS:	   31840 kB
VmRSS:	   32104 kB
VmRSS:	   32368 kB
VmRSS:	   32632 kB
VmRSS:	   32896 kB
VmRSS:	   33160 kB
VmRSS:	   33424 kB
VmRSS:	   33688 kB
VmRSS:	   34216 kB
VmRSS:	   34480 kB
Completed 6000000 requests
VmRSS:	   34744 kB
VmRSS:	   35008 kB
VmRSS:	   35272 kB
VmRSS:	   35536 kB
VmRSS:	   35800 kB
VmRSS:	   36328 kB
VmRSS:	   36592 kB
VmRSS:	   36856 kB
VmRSS:	   37120 kB
VmRSS:	   37384 kB
VmRSS:	   37648 kB
VmRSS:	   37912 kB
VmRSS:	   38440 kB
VmRSS:	   38704 kB
Completed 7000000 requests
VmRSS:	   38968 kB
VmRSS:	   39232 kB
VmRSS:	   39496 kB
VmRSS:	   39760 kB
VmRSS:	   40024 kB
VmRSS:	   40288 kB
VmRSS:	   40816 kB
VmRSS:	   41080 kB
VmRSS:	   41344 kB
VmRSS:	   41608 kB
VmRSS:	   41872 kB
VmRSS:	   42136 kB
VmRSS:	   42400 kB
VmRSS:	   42928 kB
Completed 8000000 requests
VmRSS:	   43192 kB
VmRSS:	   43456 kB
VmRSS:	   43720 kB
VmRSS:	   43984 kB
VmRSS:	   44248 kB
VmRSS:	   44512 kB
VmRSS:	   44776 kB
VmRSS:	   45304 kB
VmRSS:	   45568 kB
VmRSS:	   45832 kB
VmRSS:	   46096 kB
VmRSS:	   46360 kB
VmRSS:	   46624 kB
VmRSS:	   46888 kB
Completed 9000000 requests
VmRSS:	   47416 kB
VmRSS:	   47680 kB
VmRSS:	   47944 kB
VmRSS:	   48208 kB
VmRSS:	   48472 kB
VmRSS:	   48736 kB
VmRSS:	   49000 kB
VmRSS:	   49264 kB
VmRSS:	   49792 kB
VmRSS:	   50056 kB
VmRSS:	   50320 kB
VmRSS:	   50584 kB
VmRSS:	   50848 kB
VmRSS:	   51112 kB
Completed 10000000 requests
Finished 10000000 requests
VmRSS:	   51376 kB
VmRSS:	   51376 kB
VmRSS:	   51376 kB
VmRSS:	   51376 kB
This is ApacheBench, Version 2.3 <$Revision: 1879490 $>
Copyright 1996 Adam Twiss, Zeus Technology Ltd, http://www.zeustech.net/
Licensed to The Apache Software Foundation, http://www.apache.org/

Benchmarking 0.0.0.0 (be patient)


Server Software:        nginx/1.22.1
Server Hostname:        0.0.0.0
Server Port:            80

Document Path:          /index.html
Document Length:        615 bytes

Concurrency Level:      100
Time taken for tests:   140.306 seconds
Complete requests:      10000000
Failed requests:        0
Total transferred:      8480000000 bytes
HTML transferred:       6150000000 bytes
Requests per second:    71272.95 [#/sec] (mean)
Time per request:       1.403 [ms] (mean)
Time per request:       0.014 [ms] (mean, across all concurrent requests)
Transfer rate:          59022.92 [Kbytes/sec] received

Connection Times (ms)
              min  mean[+/-sd] median   max
Connect:        0    0   0.1      0       3
Processing:     0    1   0.2      1      14
Waiting:        0    1   0.2      1      14
Total:          1    1   0.2      1      14

Percentage of the requests served within a certain time (ms)
  50%      1
  66%      1
  75%      1
  80%      1
  90%      2
  95%      2
  98%      2
  99%      2
 100%     14 (longest request)

camp: 140.306s 51376kb
VmRSS:	  377528 kB
VmRSS:	  378304 kB
VmRSS:	  378304 kB
VmRSS:	  378304 kB
VmRSS:	  378304 kB
VmRSS:	  378244 kB
VmRSS:	  378244 kB
VmRSS:	  378244 kB
VmRSS:	  378244 kB
VmRSS:	  378244 kB
VmRSS:	  378280 kB
VmRSS:	  378280 kB
VmRSS:	  378280 kB
VmRSS:	  378280 kB
VmRSS:	  378280 kB
Completed 1000000 requests
VmRSS:	  378236 kB
VmRSS:	  378236 kB
VmRSS:	  378236 kB
VmRSS:	  378236 kB
VmRSS:	  378236 kB
VmRSS:	  378252 kB
VmRSS:	  378252 kB
VmRSS:	  378252 kB
VmRSS:	  378252 kB
VmRSS:	  378252 kB
VmRSS:	  378252 kB
VmRSS:	  378252 kB
VmRSS:	  378252 kB
VmRSS:	  378252 kB
VmRSS:	  378252 kB
VmRSS:	  378256 kB
Completed 2000000 requests
VmRSS:	  378256 kB
VmRSS:	  378256 kB
VmRSS:	  378256 kB
VmRSS:	  378256 kB
VmRSS:	  378244 kB
VmRSS:	  378244 kB
VmRSS:	  378244 kB
VmRSS:	  378244 kB
VmRSS:	  378244 kB
VmRSS:	  378244 kB
VmRSS:	  378244 kB
VmRSS:	  378244 kB
VmRSS:	  378244 kB
VmRSS:	  378244 kB
VmRSS:	  378356 kB
Completed 3000000 requests
VmRSS:	  378356 kB
VmRSS:	  378356 kB
VmRSS:	  378356 kB
VmRSS:	  378356 kB
VmRSS:	  378260 kB
VmRSS:	  378260 kB
VmRSS:	  378260 kB
VmRSS:	  378260 kB
VmRSS:	  378260 kB
VmRSS:	  378232 kB
VmRSS:	  378232 kB
VmRSS:	  378232 kB
VmRSS:	  378232 kB
VmRSS:	  378232 kB
VmRSS:	  378252 kB
Completed 4000000 requests
VmRSS:	  378252 kB
VmRSS:	  378252 kB
VmRSS:	  378252 kB
VmRSS:	  378252 kB
VmRSS:	  378264 kB
VmRSS:	  378264 kB
VmRSS:	  378264 kB
VmRSS:	  378372 kB
VmRSS:	  378372 kB
VmRSS:	  378288 kB
VmRSS:	  378288 kB
VmRSS:	  378288 kB
VmRSS:	  378288 kB
VmRSS:	  378288 kB
VmRSS:	  378304 kB
Completed 5000000 requests
VmRSS:	  378304 kB
VmRSS:	  378304 kB
VmRSS:	  378304 kB
VmRSS:	  378304 kB
VmRSS:	  378292 kB
VmRSS:	  378292 kB
VmRSS:	  378292 kB
VmRSS:	  378292 kB
VmRSS:	  378292 kB
VmRSS:	  378312 kB
VmRSS:	  378312 kB
VmRSS:	  378312 kB
VmRSS:	  378312 kB
VmRSS:	  378312 kB
VmRSS:	  378304 kB
VmRSS:	  378304 kB
Completed 6000000 requests
VmRSS:	  378304 kB
VmRSS:	  378304 kB
VmRSS:	  378304 kB
VmRSS:	  378276 kB
VmRSS:	  378276 kB
VmRSS:	  378276 kB
VmRSS:	  378276 kB
VmRSS:	  378276 kB
VmRSS:	  378300 kB
VmRSS:	  378300 kB
VmRSS:	  378300 kB
VmRSS:	  378300 kB
VmRSS:	  378300 kB
VmRSS:	  378296 kB
VmRSS:	  378296 kB
Completed 7000000 requests
VmRSS:	  378296 kB
VmRSS:	  378296 kB
VmRSS:	  378296 kB
VmRSS:	  378288 kB
VmRSS:	  378288 kB
VmRSS:	  378288 kB
VmRSS:	  378288 kB
VmRSS:	  378288 kB
VmRSS:	  378288 kB
VmRSS:	  378288 kB
VmRSS:	  378288 kB
VmRSS:	  378288 kB
VmRSS:	  378288 kB
VmRSS:	  378296 kB
VmRSS:	  378296 kB
Completed 8000000 requests
VmRSS:	  378296 kB
VmRSS:	  378296 kB
VmRSS:	  378296 kB
VmRSS:	  378292 kB
VmRSS:	  378292 kB
VmRSS:	  378292 kB
VmRSS:	  378292 kB
VmRSS:	  378292 kB
VmRSS:	  378308 kB
VmRSS:	  378308 kB
VmRSS:	  378308 kB
VmRSS:	  378308 kB
VmRSS:	  378308 kB
VmRSS:	  378300 kB
VmRSS:	  378300 kB
Completed 9000000 requests
VmRSS:	  378300 kB
VmRSS:	  378300 kB
VmRSS:	  378300 kB
VmRSS:	  378316 kB
VmRSS:	  378316 kB
VmRSS:	  378316 kB
VmRSS:	  378316 kB
VmRSS:	  378316 kB
VmRSS:	  378292 kB
VmRSS:	  378292 kB
VmRSS:	  378292 kB
VmRSS:	  378292 kB
VmRSS:	  378292 kB
VmRSS:	  378284 kB
VmRSS:	  378284 kB
VmRSS:	  378284 kB
Completed 10000000 requests
Finished 10000000 requests
VmRSS:	  378284 kB
VmRSS:	  378284 kB
VmRSS:	  378284 kB
This is ApacheBench, Version 2.3 <$Revision: 1879490 $>
Copyright 1996 Adam Twiss, Zeus Technology Ltd, http://www.zeustech.net/
Licensed to The Apache Software Foundation, http://www.apache.org/

Benchmarking 0.0.0.0 (be patient)


Server Software:        nginx/1.22.1
Server Hostname:        0.0.0.0
Server Port:            80

Document Path:          /index.html
Document Length:        615 bytes

Concurrency Level:      100
Time taken for tests:   152.766 seconds
Complete requests:      10000000
Failed requests:        0
Total transferred:      8480000000 bytes
HTML transferred:       6150000000 bytes
Requests per second:    65459.46 [#/sec] (mean)
Time per request:       1.528 [ms] (mean)
Time per request:       0.015 [ms] (mean, across all concurrent requests)
Transfer rate:          54208.61 [Kbytes/sec] received

Connection Times (ms)
              min  mean[+/-sd] median   max
Connect:        0    0   0.1      0       2
Processing:     0    1   0.3      1      14
Waiting:        0    1   0.3      1      14
Total:          1    2   0.3      1      14
ERROR: The median and mean for the total time are more than twice the standard
       deviation apart. These results are NOT reliable.

Percentage of the requests served within a certain time (ms)
  50%      1
  66%      1
  75%      1
  80%      1
  90%      2
  95%      2
  98%      3
  99%      3
 100%     14 (longest request)


=================================================================
==2667732==ERROR: LeakSanitizer: detected memory leaks

Direct leak of 1024 byte(s) in 1 object(s) allocated from:
    #0 0x4a6127 in posix_memalign (/home/moe/camp-experiment/nginx/nginx-1.22.1/asan/sbin/nginx+0x4a6127)
    #1 0x53f637 in ngx_memalign /home/moe/camp-experiment/nginx/nginx-1.22.1/src/os/unix/ngx_alloc.c:57:11

SUMMARY: AddressSanitizer: 1024 byte(s) leaked in 1 allocation(s).
asan: 152.766s 378284kb
VmRSS:	    3224 kB
VmRSS:	    3224 kB
VmRSS:	    3224 kB
VmRSS:	    3224 kB
VmRSS:	    3224 kB
VmRSS:	    3224 kB
VmRSS:	    3224 kB
VmRSS:	    3224 kB
VmRSS:	    3224 kB
VmRSS:	    3224 kB
VmRSS:	    3224 kB
VmRSS:	    3224 kB
VmRSS:	    3224 kB
VmRSS:	    3224 kB
Completed 1000000 requests
VmRSS:	    3224 kB
VmRSS:	    3224 kB
VmRSS:	    3224 kB
VmRSS:	    3224 kB
VmRSS:	    3224 kB
VmRSS:	    3224 kB
VmRSS:	    3224 kB
VmRSS:	    3224 kB
VmRSS:	    3224 kB
VmRSS:	    3224 kB
VmRSS:	    3224 kB
VmRSS:	    3224 kB
VmRSS:	    3224 kB
Completed 2000000 requests
VmRSS:	    3224 kB
VmRSS:	    3224 kB
VmRSS:	    3224 kB
VmRSS:	    3224 kB
VmRSS:	    3224 kB
VmRSS:	    3224 kB
VmRSS:	    3224 kB
VmRSS:	    3224 kB
VmRSS:	    3224 kB
VmRSS:	    3224 kB
VmRSS:	    3224 kB
VmRSS:	    3224 kB
VmRSS:	    3224 kB
VmRSS:	    3224 kB
Completed 3000000 requests
VmRSS:	    3224 kB
VmRSS:	    3224 kB
VmRSS:	    3224 kB
VmRSS:	    3224 kB
VmRSS:	    3224 kB
VmRSS:	    3224 kB
VmRSS:	    3224 kB
VmRSS:	    3224 kB
VmRSS:	    3224 kB
VmRSS:	    3224 kB
VmRSS:	    3224 kB
VmRSS:	    3224 kB
VmRSS:	    3224 kB
Completed 4000000 requests
VmRSS:	    3224 kB
VmRSS:	    3224 kB
VmRSS:	    3224 kB
VmRSS:	    3224 kB
VmRSS:	    3224 kB
VmRSS:	    3224 kB
VmRSS:	    3224 kB
VmRSS:	    3224 kB
VmRSS:	    3224 kB
VmRSS:	    3224 kB
VmRSS:	    3224 kB
VmRSS:	    3224 kB
VmRSS:	    3224 kB
VmRSS:	    3224 kB
Completed 5000000 requests
VmRSS:	    3224 kB
VmRSS:	    3224 kB
VmRSS:	    3224 kB
VmRSS:	    3224 kB
VmRSS:	    3224 kB
VmRSS:	    3224 kB
VmRSS:	    3224 kB
VmRSS:	    3224 kB
VmRSS:	    3224 kB
VmRSS:	    3224 kB
VmRSS:	    3224 kB
VmRSS:	    3224 kB
VmRSS:	    3224 kB
Completed 6000000 requests
VmRSS:	    3224 kB
VmRSS:	    3224 kB
VmRSS:	    3224 kB
VmRSS:	    3224 kB
VmRSS:	    3224 kB
VmRSS:	    3224 kB
VmRSS:	    3224 kB
VmRSS:	    3224 kB
VmRSS:	    3224 kB
VmRSS:	    3224 kB
VmRSS:	    3224 kB
VmRSS:	    3224 kB
VmRSS:	    3224 kB
VmRSS:	    3224 kB
Completed 7000000 requests
VmRSS:	    3224 kB
VmRSS:	    3224 kB
VmRSS:	    3224 kB
VmRSS:	    3224 kB
VmRSS:	    3224 kB
VmRSS:	    3224 kB
VmRSS:	    3224 kB
VmRSS:	    3224 kB
VmRSS:	    3224 kB
VmRSS:	    3224 kB
VmRSS:	    3220 kB
VmRSS:	    3220 kB
VmRSS:	    3220 kB
Completed 8000000 requests
VmRSS:	    3220 kB
VmRSS:	    3220 kB
VmRSS:	    3220 kB
VmRSS:	    3220 kB
VmRSS:	    3220 kB
VmRSS:	    3220 kB
VmRSS:	    3220 kB
VmRSS:	    3220 kB
VmRSS:	    3220 kB
VmRSS:	    3220 kB
VmRSS:	    3220 kB
VmRSS:	    3220 kB
VmRSS:	    3220 kB
VmRSS:	    3220 kB
Completed 9000000 requests
VmRSS:	    3220 kB
VmRSS:	    3220 kB
VmRSS:	    3220 kB
VmRSS:	    3220 kB
VmRSS:	    3220 kB
VmRSS:	    3220 kB
VmRSS:	    3220 kB
VmRSS:	    3220 kB
VmRSS:	    3220 kB
VmRSS:	    3220 kB
VmRSS:	    3220 kB
VmRSS:	    3220 kB
VmRSS:	    3220 kB
VmRSS:	    3220 kB
Completed 10000000 requests
Finished 10000000 requests
VmRSS:	    3220 kB
VmRSS:	    3220 kB
VmRSS:	    3220 kB
VmRSS:	    3220 kB
This is ApacheBench, Version 2.3 <$Revision: 1879490 $>
Copyright 1996 Adam Twiss, Zeus Technology Ltd, http://www.zeustech.net/
Licensed to The Apache Software Foundation, http://www.apache.org/

Benchmarking 0.0.0.0 (be patient)


Server Software:        nginx/1.22.1
Server Hostname:        0.0.0.0
Server Port:            80

Document Path:          /index.html
Document Length:        615 bytes

Concurrency Level:      100
Time taken for tests:   135.778 seconds
Complete requests:      10000000
Failed requests:        0
Total transferred:      8480000000 bytes
HTML transferred:       6150000000 bytes
Requests per second:    73649.57 [#/sec] (mean)
Time per request:       1.358 [ms] (mean)
Time per request:       0.014 [ms] (mean, across all concurrent requests)
Transfer rate:          60991.05 [Kbytes/sec] received

Connection Times (ms)
              min  mean[+/-sd] median   max
Connect:        0    1   0.1      1       3
Processing:     0    1   0.2      1      13
Waiting:        0    1   0.2      1      13
Total:          1    1   0.2      1      13

Percentage of the requests served within a certain time (ms)
  50%      1
  66%      1
  75%      1
  80%      1
  90%      1
  95%      2
  98%      2
  99%      2
 100%     13 (longest request)

native: 135.778s 3220kb
