VmRSS:	    9072 kB
VmRSS:	    9864 kB
VmRSS:	   10128 kB
VmRSS:	   10392 kB
VmRSS:	   10916 kB
VmRSS:	   11180 kB
VmRSS:	   11444 kB
VmRSS:	   11708 kB
VmRSS:	   11972 kB
VmRSS:	   12236 kB
VmRSS:	   12500 kB
VmRSS:	   13028 kB
VmRSS:	   13292 kB
VmRSS:	   13556 kB
Completed 1000000 requests
VmRSS:	   13820 kB
VmRSS:	   14084 kB
VmRSS:	   14348 kB
VmRSS:	   14876 kB
VmRSS:	   15140 kB
VmRSS:	   15404 kB
VmRSS:	   15668 kB
VmRSS:	   15932 kB
VmRSS:	   16196 kB
VmRSS:	   16460 kB
VmRSS:	   16724 kB
VmRSS:	   17252 kB
VmRSS:	   17516 kB
VmRSS:	   17780 kB
Completed 2000000 requests
VmRSS:	   18044 kB
VmRSS:	   18308 kB
VmRSS:	   18572 kB
VmRSS:	   18836 kB
VmRSS:	   19100 kB
VmRSS:	   19628 kB
VmRSS:	   19892 kB
VmRSS:	   20156 kB
VmRSS:	   20420 kB
VmRSS:	   20680 kB
VmRSS:	   20944 kB
VmRSS:	   21208 kB
VmRSS:	   21736 kB
VmRSS:	   22000 kB
Completed 3000000 requests
VmRSS:	   22528 kB
VmRSS:	   22792 kB
VmRSS:	   23056 kB
VmRSS:	   23320 kB
VmRSS:	   23584 kB
VmRSS:	   23848 kB
VmRSS:	   24112 kB
VmRSS:	   24376 kB
VmRSS:	   24904 kB
VmRSS:	   25168 kB
VmRSS:	   25432 kB
VmRSS:	   25696 kB
VmRSS:	   25960 kB
VmRSS:	   26224 kB
Completed 4000000 requests
VmRSS:	   26488 kB
VmRSS:	   27016 kB
VmRSS:	   27280 kB
VmRSS:	   27544 kB
VmRSS:	   27808 kB
VmRSS:	   28072 kB
VmRSS:	   28336 kB
VmRSS:	   28600 kB
VmRSS:	   29128 kB
VmRSS:	   29392 kB
VmRSS:	   29656 kB
VmRSS:	   29920 kB
VmRSS:	   30184 kB
VmRSS:	   30448 kB
Completed 5000000 requests
VmRSS:	   30712 kB
VmRSS:	   30976 kB
VmRSS:	   31504 kB
VmRSS:	   31768 kB
VmRSS:	   32032 kB
VmRSS:	   32296 kB
VmRSS:	   32560 kB
VmRSS:	   32824 kB
VmRSS:	   33088 kB
VmRSS:	   33352 kB
VmRSS:	   33880 kB
VmRSS:	   34144 kB
VmRSS:	   34408 kB
VmRSS:	   34672 kB
Completed 6000000 requests
VmRSS:	   34936 kB
VmRSS:	   35200 kB
VmRSS:	   35464 kB
VmRSS:	   35992 kB
VmRSS:	   36256 kB
VmRSS:	   36520 kB
VmRSS:	   36784 kB
VmRSS:	   37048 kB
VmRSS:	   37312 kB
VmRSS:	   37576 kB
VmRSS:	   38104 kB
VmRSS:	   38368 kB
VmRSS:	   38632 kB
VmRSS:	   38896 kB
Completed 7000000 requests
VmRSS:	   39160 kB
VmRSS:	   39424 kB
VmRSS:	   39688 kB
VmRSS:	   39952 kB
VmRSS:	   40480 kB
VmRSS:	   40744 kB
VmRSS:	   41008 kB
VmRSS:	   41272 kB
VmRSS:	   41536 kB
VmRSS:	   41800 kB
VmRSS:	   42064 kB
VmRSS:	   42328 kB
VmRSS:	   42856 kB
VmRSS:	   43120 kB
Completed 8000000 requests
VmRSS:	   43384 kB
VmRSS:	   43648 kB
VmRSS:	   43912 kB
VmRSS:	   44176 kB
VmRSS:	   44440 kB
VmRSS:	   44968 kB
VmRSS:	   45232 kB
VmRSS:	   45496 kB
VmRSS:	   45760 kB
VmRSS:	   46024 kB
VmRSS:	   46288 kB
VmRSS:	   46552 kB
VmRSS:	   47080 kB
VmRSS:	   47344 kB
Completed 9000000 requests
VmRSS:	   47608 kB
VmRSS:	   47872 kB
VmRSS:	   48136 kB
VmRSS:	   48400 kB
VmRSS:	   48664 kB
VmRSS:	   49192 kB
VmRSS:	   49456 kB
VmRSS:	   49720 kB
VmRSS:	   49984 kB
VmRSS:	   50248 kB
VmRSS:	   50512 kB
VmRSS:	   50776 kB
VmRSS:	   51304 kB
VmRSS:	   51568 kB
Completed 10000000 requests
Finished 10000000 requests
VmRSS:	   51568 kB
VmRSS:	   51568 kB
VmRSS:	   51568 kB
VmRSS:	   51568 kB
This is ApacheBench, Version 2.3 <$Revision: 1879490 $>
Copyright 1996 Adam Twiss, Zeus Technology Ltd, http://www.zeustech.net/
Licensed to The Apache Software Foundation, http://www.apache.org/

Benchmarking 0.0.0.0 (be patient)


Server Software:        nginx/1.22.1
Server Hostname:        0.0.0.0
Server Port:            80

Document Path:          /index.html
Document Length:        615 bytes

Concurrency Level:      100
Time taken for tests:   140.156 seconds
Complete requests:      10000000
Failed requests:        0
Total transferred:      8480000000 bytes
HTML transferred:       6150000000 bytes
Requests per second:    71348.89 [#/sec] (mean)
Time per request:       1.402 [ms] (mean)
Time per request:       0.014 [ms] (mean, across all concurrent requests)
Transfer rate:          59085.80 [Kbytes/sec] received

Connection Times (ms)
              min  mean[+/-sd] median   max
Connect:        0    0   0.1      0       2
Processing:     0    1   0.2      1      17
Waiting:        0    1   0.2      1      17
Total:          1    1   0.2      1      17

Percentage of the requests served within a certain time (ms)
  50%      1
  66%      1
  75%      1
  80%      1
  90%      2
  95%      2
  98%      2
  99%      2
 100%     17 (longest request)

camp: 140.156s 51568kb
VmRSS:	  375676 kB
VmRSS:	  378172 kB
VmRSS:	  378172 kB
VmRSS:	  378172 kB
VmRSS:	  378172 kB
VmRSS:	  378112 kB
VmRSS:	  378112 kB
VmRSS:	  378112 kB
VmRSS:	  378112 kB
VmRSS:	  378112 kB
VmRSS:	  378128 kB
VmRSS:	  378128 kB
VmRSS:	  378128 kB
VmRSS:	  378128 kB
VmRSS:	  378128 kB
Completed 1000000 requests
VmRSS:	  378116 kB
VmRSS:	  378116 kB
VmRSS:	  378116 kB
VmRSS:	  378116 kB
VmRSS:	  378116 kB
VmRSS:	  378096 kB
VmRSS:	  378096 kB
VmRSS:	  378096 kB
VmRSS:	  378096 kB
VmRSS:	  378096 kB
VmRSS:	  378112 kB
VmRSS:	  378112 kB
VmRSS:	  378112 kB
VmRSS:	  378112 kB
VmRSS:	  378112 kB
VmRSS:	  378124 kB
Completed 2000000 requests
VmRSS:	  378124 kB
VmRSS:	  378124 kB
VmRSS:	  378124 kB
VmRSS:	  378124 kB
VmRSS:	  378112 kB
VmRSS:	  378112 kB
VmRSS:	  378112 kB
VmRSS:	  378112 kB
VmRSS:	  378112 kB
VmRSS:	  378112 kB
VmRSS:	  378112 kB
VmRSS:	  378112 kB
VmRSS:	  378112 kB
VmRSS:	  378112 kB
VmRSS:	  378128 kB
Completed 3000000 requests
VmRSS:	  378128 kB
VmRSS:	  378128 kB
VmRSS:	  378128 kB
VmRSS:	  378128 kB
VmRSS:	  378140 kB
VmRSS:	  378140 kB
VmRSS:	  378140 kB
VmRSS:	  378140 kB
VmRSS:	  378140 kB
VmRSS:	  378100 kB
VmRSS:	  378100 kB
VmRSS:	  378100 kB
VmRSS:	  378100 kB
VmRSS:	  378100 kB
VmRSS:	  378084 kB
Completed 4000000 requests
VmRSS:	  378084 kB
VmRSS:	  378084 kB
VmRSS:	  378084 kB
VmRSS:	  378084 kB
VmRSS:	  378124 kB
VmRSS:	  378124 kB
VmRSS:	  378124 kB
VmRSS:	  378124 kB
VmRSS:	  378124 kB
VmRSS:	  378148 kB
VmRSS:	  378148 kB
VmRSS:	  378148 kB
VmRSS:	  378148 kB
VmRSS:	  378148 kB
VmRSS:	  378152 kB
Completed 5000000 requests
VmRSS:	  378152 kB
VmRSS:	  378152 kB
VmRSS:	  378152 kB
VmRSS:	  378152 kB
VmRSS:	  378128 kB
VmRSS:	  378128 kB
VmRSS:	  378128 kB
VmRSS:	  378128 kB
VmRSS:	  378128 kB
VmRSS:	  378088 kB
VmRSS:	  378088 kB
VmRSS:	  378088 kB
VmRSS:	  378088 kB
VmRSS:	  378088 kB
VmRSS:	  378084 kB
Completed 6000000 requests
VmRSS:	  378084 kB
VmRSS:	  378084 kB
VmRSS:	  378084 kB
VmRSS:	  378084 kB
VmRSS:	  378072 kB
VmRSS:	  378072 kB
VmRSS:	  378072 kB
VmRSS:	  378072 kB
VmRSS:	  378072 kB
VmRSS:	  378104 kB
VmRSS:	  378104 kB
VmRSS:	  378104 kB
VmRSS:	  378104 kB
VmRSS:	  378240 kB
VmRSS:	  378144 kB
VmRSS:	  378144 kB
Completed 7000000 requests
VmRSS:	  378144 kB
VmRSS:	  378144 kB
VmRSS:	  378144 kB
VmRSS:	  378168 kB
VmRSS:	  378168 kB
VmRSS:	  378168 kB
VmRSS:	  378168 kB
VmRSS:	  378168 kB
VmRSS:	  378136 kB
VmRSS:	  378136 kB
VmRSS:	  378136 kB
VmRSS:	  378136 kB
VmRSS:	  378136 kB
VmRSS:	  378144 kB
VmRSS:	  378144 kB
Completed 8000000 requests
VmRSS:	  378144 kB
VmRSS:	  378144 kB
VmRSS:	  378144 kB
VmRSS:	  378188 kB
VmRSS:	  378188 kB
VmRSS:	  378188 kB
VmRSS:	  378188 kB
VmRSS:	  378188 kB
VmRSS:	  378180 kB
VmRSS:	  378180 kB
VmRSS:	  378180 kB
VmRSS:	  378180 kB
VmRSS:	  378180 kB
VmRSS:	  378176 kB
VmRSS:	  378176 kB
Completed 9000000 requests
VmRSS:	  378176 kB
VmRSS:	  378176 kB
VmRSS:	  378176 kB
VmRSS:	  378200 kB
VmRSS:	  378200 kB
VmRSS:	  378200 kB
VmRSS:	  378200 kB
VmRSS:	  378200 kB
VmRSS:	  378192 kB
VmRSS:	  378192 kB
VmRSS:	  378192 kB
VmRSS:	  378192 kB
VmRSS:	  378192 kB
VmRSS:	  378164 kB
VmRSS:	  378164 kB
Completed 10000000 requests
Finished 10000000 requests
VmRSS:	  378164 kB
VmRSS:	  378164 kB
VmRSS:	  378164 kB
VmRSS:	  378164 kB
This is ApacheBench, Version 2.3 <$Revision: 1879490 $>
Copyright 1996 Adam Twiss, Zeus Technology Ltd, http://www.zeustech.net/
Licensed to The Apache Software Foundation, http://www.apache.org/

Benchmarking 0.0.0.0 (be patient)


Server Software:        nginx/1.22.1
Server Hostname:        0.0.0.0
Server Port:            80

Document Path:          /index.html
Document Length:        615 bytes

Concurrency Level:      100
Time taken for tests:   152.407 seconds
Complete requests:      10000000
Failed requests:        0
Total transferred:      8480000000 bytes
HTML transferred:       6150000000 bytes
Requests per second:    65613.90 [#/sec] (mean)
Time per request:       1.524 [ms] (mean)
Time per request:       0.015 [ms] (mean, across all concurrent requests)
Transfer rate:          54336.51 [Kbytes/sec] received

Connection Times (ms)
              min  mean[+/-sd] median   max
Connect:        0    0   0.1      0       2
Processing:     0    1   0.3      1      13
Waiting:        0    1   0.3      1      13
Total:          1    2   0.3      1      13
ERROR: The median and mean for the total time are more than twice the standard
       deviation apart. These results are NOT reliable.

Percentage of the requests served within a certain time (ms)
  50%      1
  66%      1
  75%      1
  80%      1
  90%      2
  95%      2
  98%      3
  99%      3
 100%     13 (longest request)


=================================================================
==2667536==ERROR: LeakSanitizer: detected memory leaks

Direct leak of 1024 byte(s) in 1 object(s) allocated from:
    #0 0x4a6127 in posix_memalign (/home/moe/camp-experiment/nginx/nginx-1.22.1/asan/sbin/nginx+0x4a6127)
    #1 0x53f637 in ngx_memalign /home/moe/camp-experiment/nginx/nginx-1.22.1/src/os/unix/ngx_alloc.c:57:11

SUMMARY: AddressSanitizer: 1024 byte(s) leaked in 1 allocation(s).
asan: 152.407s 378164kb
VmRSS:	    3300 kB
VmRSS:	    3300 kB
VmRSS:	    3300 kB
VmRSS:	    3300 kB
VmRSS:	    3300 kB
VmRSS:	    3300 kB
VmRSS:	    3300 kB
VmRSS:	    3300 kB
VmRSS:	    3300 kB
VmRSS:	    3300 kB
VmRSS:	    3300 kB
VmRSS:	    3300 kB
VmRSS:	    3300 kB
VmRSS:	    3300 kB
Completed 1000000 requests
VmRSS:	    3300 kB
VmRSS:	    3300 kB
VmRSS:	    3300 kB
VmRSS:	    3300 kB
VmRSS:	    3300 kB
VmRSS:	    3300 kB
VmRSS:	    3300 kB
VmRSS:	    3300 kB
VmRSS:	    3300 kB
VmRSS:	    3300 kB
VmRSS:	    3300 kB
VmRSS:	    3300 kB
VmRSS:	    3300 kB
Completed 2000000 requests
VmRSS:	    3300 kB
VmRSS:	    3300 kB
VmRSS:	    3300 kB
VmRSS:	    3300 kB
VmRSS:	    3300 kB
VmRSS:	    3300 kB
VmRSS:	    3300 kB
VmRSS:	    3300 kB
VmRSS:	    3300 kB
VmRSS:	    3300 kB
VmRSS:	    3300 kB
VmRSS:	    3300 kB
VmRSS:	    3300 kB
VmRSS:	    3300 kB
Completed 3000000 requests
VmRSS:	    3300 kB
VmRSS:	    3300 kB
VmRSS:	    3300 kB
VmRSS:	    3300 kB
VmRSS:	    3300 kB
VmRSS:	    3300 kB
VmRSS:	    3300 kB
VmRSS:	    3300 kB
VmRSS:	    3300 kB
VmRSS:	    3300 kB
VmRSS:	    3300 kB
VmRSS:	    3300 kB
VmRSS:	    3300 kB
Completed 4000000 requests
VmRSS:	    3300 kB
VmRSS:	    3300 kB
VmRSS:	    3300 kB
VmRSS:	    3300 kB
VmRSS:	    3300 kB
VmRSS:	    3300 kB
VmRSS:	    3300 kB
VmRSS:	    3300 kB
VmRSS:	    3300 kB
VmRSS:	    3300 kB
VmRSS:	    3300 kB
VmRSS:	    3300 kB
VmRSS:	    3300 kB
VmRSS:	    3300 kB
Completed 5000000 requests
VmRSS:	    3300 kB
VmRSS:	    3300 kB
VmRSS:	    3300 kB
VmRSS:	    3300 kB
VmRSS:	    3300 kB
VmRSS:	    3300 kB
VmRSS:	    3300 kB
VmRSS:	    3300 kB
VmRSS:	    3300 kB
VmRSS:	    3300 kB
VmRSS:	    3300 kB
VmRSS:	    3300 kB
VmRSS:	    3300 kB
Completed 6000000 requests
VmRSS:	    3300 kB
VmRSS:	    3300 kB
VmRSS:	    3300 kB
VmRSS:	    3300 kB
VmRSS:	    3300 kB
VmRSS:	    3300 kB
VmRSS:	    3300 kB
VmRSS:	    3300 kB
VmRSS:	    3300 kB
VmRSS:	    3300 kB
VmRSS:	    3300 kB
VmRSS:	    3300 kB
VmRSS:	    3300 kB
VmRSS:	    3300 kB
Completed 7000000 requests
VmRSS:	    3300 kB
VmRSS:	    3300 kB
VmRSS:	    3300 kB
VmRSS:	    3300 kB
VmRSS:	    3300 kB
VmRSS:	    3300 kB
VmRSS:	    3300 kB
VmRSS:	    3300 kB
VmRSS:	    3300 kB
VmRSS:	    3300 kB
VmRSS:	    3300 kB
VmRSS:	    3300 kB
VmRSS:	    3300 kB
VmRSS:	    3300 kB
Completed 8000000 requests
VmRSS:	    3300 kB
VmRSS:	    3300 kB
VmRSS:	    3300 kB
VmRSS:	    3300 kB
VmRSS:	    3300 kB
VmRSS:	    3300 kB
VmRSS:	    3300 kB
VmRSS:	    3300 kB
VmRSS:	    3300 kB
VmRSS:	    3300 kB
VmRSS:	    3300 kB
VmRSS:	    3300 kB
VmRSS:	    3300 kB
Completed 9000000 requests
VmRSS:	    3300 kB
VmRSS:	    3300 kB
VmRSS:	    3300 kB
VmRSS:	    3300 kB
VmRSS:	    3300 kB
VmRSS:	    3300 kB
VmRSS:	    3300 kB
VmRSS:	    3300 kB
VmRSS:	    3300 kB
VmRSS:	    3300 kB
VmRSS:	    3300 kB
VmRSS:	    3300 kB
VmRSS:	    3300 kB
VmRSS:	    3300 kB
Completed 10000000 requests
Finished 10000000 requests
VmRSS:	    3300 kB
VmRSS:	    3300 kB
VmRSS:	    3300 kB
VmRSS:	    3300 kB
This is ApacheBench, Version 2.3 <$Revision: 1879490 $>
Copyright 1996 Adam Twiss, Zeus Technology Ltd, http://www.zeustech.net/
Licensed to The Apache Software Foundation, http://www.apache.org/

Benchmarking 0.0.0.0 (be patient)


Server Software:        nginx/1.22.1
Server Hostname:        0.0.0.0
Server Port:            80

Document Path:          /index.html
Document Length:        615 bytes

Concurrency Level:      100
Time taken for tests:   135.736 seconds
Complete requests:      10000000
Failed requests:        0
Total transferred:      8480000000 bytes
HTML transferred:       6150000000 bytes
Requests per second:    73672.50 [#/sec] (mean)
Time per request:       1.357 [ms] (mean)
Time per request:       0.014 [ms] (mean, across all concurrent requests)
Transfer rate:          61010.04 [Kbytes/sec] received

Connection Times (ms)
              min  mean[+/-sd] median   max
Connect:        0    1   0.1      1       3
Processing:     0    1   0.2      1      13
Waiting:        0    1   0.2      1      13
Total:          1    1   0.2      1      14

Percentage of the requests served within a certain time (ms)
  50%      1
  66%      1
  75%      1
  80%      1
  90%      1
  95%      2
  98%      2
  99%      2
 100%     14 (longest request)

native: 135.736s 3300kb
