VmRSS:	    9008 kB
VmRSS:	    9804 kB
VmRSS:	   10060 kB
VmRSS:	   10324 kB
VmRSS:	   10588 kB
VmRSS:	   10852 kB
VmRSS:	   11116 kB
VmRSS:	   11644 kB
VmRSS:	   11908 kB
VmRSS:	   12172 kB
VmRSS:	   12436 kB
VmRSS:	   12700 kB
VmRSS:	   12964 kB
VmRSS:	   13228 kB
Completed 1000000 requests
VmRSS:	   13752 kB
VmRSS:	   14016 kB
VmRSS:	   14280 kB
VmRSS:	   14544 kB
VmRSS:	   14808 kB
VmRSS:	   15072 kB
VmRSS:	   15336 kB
VmRSS:	   15864 kB
VmRSS:	   16128 kB
VmRSS:	   16392 kB
VmRSS:	   16656 kB
VmRSS:	   16920 kB
VmRSS:	   17184 kB
VmRSS:	   17448 kB
Completed 2000000 requests
VmRSS:	   17976 kB
VmRSS:	   18240 kB
VmRSS:	   18504 kB
VmRSS:	   18768 kB
VmRSS:	   19032 kB
VmRSS:	   19296 kB
VmRSS:	   19560 kB
VmRSS:	   19824 kB
VmRSS:	   20088 kB
VmRSS:	   20352 kB
VmRSS:	   20616 kB
VmRSS:	   20880 kB
VmRSS:	   21144 kB
VmRSS:	   21408 kB
VmRSS:	   21936 kB
Completed 3000000 requests
VmRSS:	   22200 kB
VmRSS:	   22464 kB
VmRSS:	   22728 kB
VmRSS:	   22992 kB
VmRSS:	   23256 kB
VmRSS:	   23520 kB
VmRSS:	   24048 kB
VmRSS:	   24312 kB
VmRSS:	   24576 kB
VmRSS:	   24840 kB
VmRSS:	   25104 kB
VmRSS:	   25368 kB
VmRSS:	   25632 kB
VmRSS:	   26160 kB
Completed 4000000 requests
VmRSS:	   26424 kB
VmRSS:	   26688 kB
VmRSS:	   26952 kB
VmRSS:	   27216 kB
VmRSS:	   27480 kB
VmRSS:	   28008 kB
VmRSS:	   28272 kB
VmRSS:	   28536 kB
VmRSS:	   28800 kB
VmRSS:	   29064 kB
VmRSS:	   29328 kB
VmRSS:	   29592 kB
VmRSS:	   29856 kB
VmRSS:	   30384 kB
Completed 5000000 requests
VmRSS:	   30648 kB
VmRSS:	   30912 kB
VmRSS:	   31176 kB
VmRSS:	   31440 kB
VmRSS:	   31704 kB
VmRSS:	   31968 kB
VmRSS:	   32496 kB
VmRSS:	   32760 kB
VmRSS:	   33024 kB
VmRSS:	   33288 kB
VmRSS:	   33552 kB
VmRSS:	   33816 kB
VmRSS:	   34080 kB
VmRSS:	   34344 kB
Completed 6000000 requests
VmRSS:	   34872 kB
VmRSS:	   35136 kB
VmRSS:	   35400 kB
VmRSS:	   35664 kB
VmRSS:	   35928 kB
VmRSS:	   36192 kB
VmRSS:	   36456 kB
VmRSS:	   36984 kB
VmRSS:	   37248 kB
VmRSS:	   37512 kB
VmRSS:	   37776 kB
VmRSS:	   38040 kB
VmRSS:	   38304 kB
VmRSS:	   38568 kB
Completed 7000000 requests
VmRSS:	   38832 kB
VmRSS:	   39360 kB
VmRSS:	   39624 kB
VmRSS:	   39888 kB
VmRSS:	   40152 kB
VmRSS:	   40416 kB
VmRSS:	   40680 kB
VmRSS:	   40944 kB
VmRSS:	   41208 kB
VmRSS:	   41736 kB
VmRSS:	   42000 kB
VmRSS:	   42264 kB
VmRSS:	   42528 kB
VmRSS:	   42792 kB
Completed 8000000 requests
VmRSS:	   43056 kB
VmRSS:	   43320 kB
VmRSS:	   43584 kB
VmRSS:	   44112 kB
VmRSS:	   44376 kB
VmRSS:	   44640 kB
VmRSS:	   44904 kB
VmRSS:	   45168 kB
VmRSS:	   45432 kB
VmRSS:	   45696 kB
VmRSS:	   46224 kB
VmRSS:	   46488 kB
VmRSS:	   46752 kB
VmRSS:	   47016 kB
Completed 9000000 requests
VmRSS:	   47280 kB
VmRSS:	   47808 kB
VmRSS:	   48072 kB
VmRSS:	   48336 kB
VmRSS:	   48600 kB
VmRSS:	   48864 kB
VmRSS:	   49128 kB
VmRSS:	   49392 kB
VmRSS:	   49656 kB
VmRSS:	   50184 kB
VmRSS:	   50448 kB
VmRSS:	   50712 kB
VmRSS:	   50976 kB
VmRSS:	   51240 kB
Completed 10000000 requests
Finished 10000000 requests
VmRSS:	   51240 kB
VmRSS:	   51240 kB
VmRSS:	   51240 kB
This is ApacheBench, Version 2.3 <$Revision: 1879490 $>
Copyright 1996 Adam Twiss, Zeus Technology Ltd, http://www.zeustech.net/
Licensed to The Apache Software Foundation, http://www.apache.org/

Benchmarking 0.0.0.0 (be patient)


Server Software:        nginx/1.22.1
Server Hostname:        0.0.0.0
Server Port:            80

Document Path:          /index.html
Document Length:        615 bytes

Concurrency Level:      100
Time taken for tests:   140.850 seconds
Complete requests:      10000000
Failed requests:        0
Total transferred:      8480000000 bytes
HTML transferred:       6150000000 bytes
Requests per second:    70997.35 [#/sec] (mean)
Time per request:       1.409 [ms] (mean)
Time per request:       0.014 [ms] (mean, across all concurrent requests)
Transfer rate:          58794.68 [Kbytes/sec] received

Connection Times (ms)
              min  mean[+/-sd] median   max
Connect:        0    0   0.1      0       2
Processing:     0    1   0.2      1      11
Waiting:        0    1   0.2      1      11
Total:          1    1   0.2      1      11

Percentage of the requests served within a certain time (ms)
  50%      1
  66%      1
  75%      1
  80%      1
  90%      2
  95%      2
  98%      2
  99%      2
 100%     11 (longest request)

camp: 140.850s 51240kb
VmRSS:	  376212 kB
VmRSS:	  378004 kB
VmRSS:	  378004 kB
VmRSS:	  378004 kB
VmRSS:	  378004 kB
VmRSS:	  378008 kB
VmRSS:	  378008 kB
VmRSS:	  378008 kB
VmRSS:	  378008 kB
VmRSS:	  378008 kB
VmRSS:	  378044 kB
VmRSS:	  378044 kB
VmRSS:	  378044 kB
VmRSS:	  378044 kB
VmRSS:	  378044 kB
Completed 1000000 requests
VmRSS:	  378004 kB
VmRSS:	  378004 kB
VmRSS:	  378004 kB
VmRSS:	  378004 kB
VmRSS:	  378004 kB
VmRSS:	  377992 kB
VmRSS:	  377992 kB
VmRSS:	  377992 kB
VmRSS:	  377992 kB
VmRSS:	  378136 kB
VmRSS:	  378060 kB
VmRSS:	  378060 kB
VmRSS:	  378060 kB
VmRSS:	  378060 kB
VmRSS:	  378060 kB
VmRSS:	  378076 kB
Completed 2000000 requests
VmRSS:	  378076 kB
VmRSS:	  378076 kB
VmRSS:	  378076 kB
VmRSS:	  378076 kB
VmRSS:	  378076 kB
VmRSS:	  378076 kB
VmRSS:	  378076 kB
VmRSS:	  378076 kB
VmRSS:	  378076 kB
VmRSS:	  378080 kB
VmRSS:	  378080 kB
VmRSS:	  378080 kB
VmRSS:	  378080 kB
VmRSS:	  378080 kB
VmRSS:	  378056 kB
Completed 3000000 requests
VmRSS:	  378056 kB
VmRSS:	  378056 kB
VmRSS:	  378056 kB
VmRSS:	  378056 kB
VmRSS:	  378088 kB
VmRSS:	  378088 kB
VmRSS:	  378088 kB
VmRSS:	  378088 kB
VmRSS:	  378088 kB
VmRSS:	  378076 kB
VmRSS:	  378076 kB
VmRSS:	  378076 kB
VmRSS:	  378076 kB
VmRSS:	  378076 kB
VmRSS:	  378048 kB
Completed 4000000 requests
VmRSS:	  378048 kB
VmRSS:	  378048 kB
VmRSS:	  378048 kB
VmRSS:	  378048 kB
VmRSS:	  378044 kB
VmRSS:	  378044 kB
VmRSS:	  378044 kB
VmRSS:	  378044 kB
VmRSS:	  378044 kB
VmRSS:	  378068 kB
VmRSS:	  378068 kB
VmRSS:	  378068 kB
VmRSS:	  378068 kB
VmRSS:	  378068 kB
VmRSS:	  378064 kB
VmRSS:	  378064 kB
Completed 5000000 requests
VmRSS:	  378064 kB
VmRSS:	  378064 kB
VmRSS:	  378064 kB
VmRSS:	  378068 kB
VmRSS:	  378068 kB
VmRSS:	  378068 kB
VmRSS:	  378068 kB
VmRSS:	  378068 kB
VmRSS:	  378080 kB
VmRSS:	  378080 kB
VmRSS:	  378080 kB
VmRSS:	  378080 kB
VmRSS:	  378080 kB
VmRSS:	  378060 kB
VmRSS:	  378060 kB
Completed 6000000 requests
VmRSS:	  378060 kB
VmRSS:	  378060 kB
VmRSS:	  378060 kB
VmRSS:	  378072 kB
VmRSS:	  378072 kB
VmRSS:	  378072 kB
VmRSS:	  378072 kB
VmRSS:	  378072 kB
VmRSS:	  378100 kB
VmRSS:	  378100 kB
VmRSS:	  378100 kB
VmRSS:	  378100 kB
VmRSS:	  378100 kB
VmRSS:	  378080 kB
VmRSS:	  378080 kB
Completed 7000000 requests
VmRSS:	  378080 kB
VmRSS:	  378080 kB
VmRSS:	  378080 kB
VmRSS:	  378072 kB
VmRSS:	  378072 kB
VmRSS:	  378072 kB
VmRSS:	  378072 kB
VmRSS:	  378072 kB
VmRSS:	  378020 kB
VmRSS:	  378020 kB
VmRSS:	  378020 kB
VmRSS:	  378020 kB
VmRSS:	  378020 kB
VmRSS:	  378040 kB
VmRSS:	  378040 kB
Completed 8000000 requests
VmRSS:	  378040 kB
VmRSS:	  378040 kB
VmRSS:	  378040 kB
VmRSS:	  378048 kB
VmRSS:	  378048 kB
VmRSS:	  378048 kB
VmRSS:	  378048 kB
VmRSS:	  378048 kB
VmRSS:	  378072 kB
VmRSS:	  378072 kB
VmRSS:	  378072 kB
VmRSS:	  378072 kB
VmRSS:	  378072 kB
VmRSS:	  378108 kB
VmRSS:	  378076 kB
VmRSS:	  378076 kB
Completed 9000000 requests
VmRSS:	  378076 kB
VmRSS:	  378076 kB
VmRSS:	  378076 kB
VmRSS:	  378064 kB
VmRSS:	  378064 kB
VmRSS:	  378064 kB
VmRSS:	  378064 kB
VmRSS:	  378064 kB
VmRSS:	  378072 kB
VmRSS:	  378072 kB
VmRSS:	  378072 kB
VmRSS:	  378072 kB
VmRSS:	  378072 kB
VmRSS:	  378092 kB
VmRSS:	  378092 kB
Completed 10000000 requests
Finished 10000000 requests
VmRSS:	  378092 kB
VmRSS:	  378092 kB
VmRSS:	  378092 kB
VmRSS:	  378092 kB
This is ApacheBench, Version 2.3 <$Revision: 1879490 $>
Copyright 1996 Adam Twiss, Zeus Technology Ltd, http://www.zeustech.net/
Licensed to The Apache Software Foundation, http://www.apache.org/

Benchmarking 0.0.0.0 (be patient)


Server Software:        nginx/1.22.1
Server Hostname:        0.0.0.0
Server Port:            80

Document Path:          /index.html
Document Length:        615 bytes

Concurrency Level:      100
Time taken for tests:   153.169 seconds
Complete requests:      10000000
Failed requests:        0
Total transferred:      8480000000 bytes
HTML transferred:       6150000000 bytes
Requests per second:    65287.45 [#/sec] (mean)
Time per request:       1.532 [ms] (mean)
Time per request:       0.015 [ms] (mean, across all concurrent requests)
Transfer rate:          54066.17 [Kbytes/sec] received

Connection Times (ms)
              min  mean[+/-sd] median   max
Connect:        0    0   0.1      0       3
Processing:     0    1   0.3      1      14
Waiting:        0    1   0.3      1      14
Total:          1    2   0.3      1      14
ERROR: The median and mean for the total time are more than twice the standard
       deviation apart. These results are NOT reliable.

Percentage of the requests served within a certain time (ms)
  50%      1
  66%      1
  75%      1
  80%      1
  90%      2
  95%      2
  98%      3
  99%      3
 100%     14 (longest request)


=================================================================
==2667359==ERROR: LeakSanitizer: detected memory leaks

Direct leak of 1024 byte(s) in 1 object(s) allocated from:
    #0 0x4a6127 in posix_memalign (/home/moe/camp-experiment/nginx/nginx-1.22.1/asan/sbin/nginx+0x4a6127)
    #1 0x53f637 in ngx_memalign /home/moe/camp-experiment/nginx/nginx-1.22.1/src/os/unix/ngx_alloc.c:57:11

SUMMARY: AddressSanitizer: 1024 byte(s) leaked in 1 allocation(s).
asan: 153.169s 378092kb
VmRSS:	    3080 kB
VmRSS:	    3080 kB
VmRSS:	    3080 kB
VmRSS:	    3080 kB
VmRSS:	    3080 kB
VmRSS:	    3080 kB
VmRSS:	    3080 kB
VmRSS:	    3080 kB
VmRSS:	    3080 kB
VmRSS:	    3080 kB
VmRSS:	    3080 kB
VmRSS:	    3080 kB
VmRSS:	    3080 kB
VmRSS:	    3080 kB
Completed 1000000 requests
VmRSS:	    3080 kB
VmRSS:	    3080 kB
VmRSS:	    3080 kB
VmRSS:	    3080 kB
VmRSS:	    3080 kB
VmRSS:	    3080 kB
VmRSS:	    3080 kB
VmRSS:	    3080 kB
VmRSS:	    3080 kB
VmRSS:	    3080 kB
VmRSS:	    3080 kB
VmRSS:	    3080 kB
VmRSS:	    3080 kB
Completed 2000000 requests
VmRSS:	    3080 kB
VmRSS:	    3080 kB
VmRSS:	    3080 kB
VmRSS:	    3080 kB
VmRSS:	    3080 kB
VmRSS:	    3080 kB
VmRSS:	    3080 kB
VmRSS:	    3080 kB
VmRSS:	    3080 kB
VmRSS:	    3080 kB
VmRSS:	    3080 kB
VmRSS:	    3080 kB
VmRSS:	    3080 kB
VmRSS:	    3080 kB
Completed 3000000 requests
VmRSS:	    3080 kB
VmRSS:	    3080 kB
VmRSS:	    3080 kB
VmRSS:	    3080 kB
VmRSS:	    3080 kB
VmRSS:	    3080 kB
VmRSS:	    3080 kB
VmRSS:	    3080 kB
VmRSS:	    3080 kB
VmRSS:	    3080 kB
VmRSS:	    3080 kB
VmRSS:	    3080 kB
VmRSS:	    3080 kB
Completed 4000000 requests
VmRSS:	    3080 kB
VmRSS:	    3080 kB
VmRSS:	    3080 kB
VmRSS:	    3080 kB
VmRSS:	    3080 kB
VmRSS:	    3080 kB
VmRSS:	    3080 kB
VmRSS:	    3080 kB
VmRSS:	    3080 kB
VmRSS:	    3080 kB
VmRSS:	    3080 kB
VmRSS:	    3080 kB
VmRSS:	    3080 kB
VmRSS:	    3080 kB
Completed 5000000 requests
VmRSS:	    3080 kB
VmRSS:	    3080 kB
VmRSS:	    3080 kB
VmRSS:	    3080 kB
VmRSS:	    3080 kB
VmRSS:	    3080 kB
VmRSS:	    3080 kB
VmRSS:	    3080 kB
VmRSS:	    3080 kB
VmRSS:	    3080 kB
VmRSS:	    3080 kB
VmRSS:	    3080 kB
VmRSS:	    3080 kB
Completed 6000000 requests
VmRSS:	    3080 kB
VmRSS:	    3080 kB
VmRSS:	    3080 kB
VmRSS:	    3080 kB
VmRSS:	    3080 kB
VmRSS:	    3080 kB
VmRSS:	    3080 kB
VmRSS:	    3080 kB
VmRSS:	    3080 kB
VmRSS:	    3080 kB
VmRSS:	    3080 kB
VmRSS:	    3080 kB
VmRSS:	    3080 kB
VmRSS:	    3080 kB
Completed 7000000 requests
VmRSS:	    3080 kB
VmRSS:	    3080 kB
VmRSS:	    3080 kB
VmRSS:	    3080 kB
VmRSS:	    3080 kB
VmRSS:	    3080 kB
VmRSS:	    3080 kB
VmRSS:	    3080 kB
VmRSS:	    3080 kB
VmRSS:	    3080 kB
VmRSS:	    3080 kB
VmRSS:	    3080 kB
VmRSS:	    3080 kB
Completed 8000000 requests
VmRSS:	    3080 kB
VmRSS:	    3080 kB
VmRSS:	    3080 kB
VmRSS:	    3080 kB
VmRSS:	    3080 kB
VmRSS:	    3080 kB
VmRSS:	    3080 kB
VmRSS:	    3080 kB
VmRSS:	    3080 kB
VmRSS:	    3080 kB
VmRSS:	    3080 kB
VmRSS:	    3080 kB
VmRSS:	    3080 kB
VmRSS:	    3080 kB
Completed 9000000 requests
VmRSS:	    3080 kB
VmRSS:	    3080 kB
VmRSS:	    3080 kB
VmRSS:	    3080 kB
VmRSS:	    3080 kB
VmRSS:	    3080 kB
VmRSS:	    3080 kB
VmRSS:	    3080 kB
VmRSS:	    3080 kB
VmRSS:	    3080 kB
VmRSS:	    3080 kB
VmRSS:	    3080 kB
VmRSS:	    3080 kB
Completed 10000000 requests
Finished 10000000 requests
VmRSS:	    3080 kB
VmRSS:	    3080 kB
VmRSS:	    3080 kB
VmRSS:	    3080 kB
This is ApacheBench, Version 2.3 <$Revision: 1879490 $>
Copyright 1996 Adam Twiss, Zeus Technology Ltd, http://www.zeustech.net/
Licensed to The Apache Software Foundation, http://www.apache.org/

Benchmarking 0.0.0.0 (be patient)


Server Software:        nginx/1.22.1
Server Hostname:        0.0.0.0
Server Port:            80

Document Path:          /index.html
Document Length:        615 bytes

Concurrency Level:      100
Time taken for tests:   135.285 seconds
Complete requests:      10000000
Failed requests:        0
Total transferred:      8480000000 bytes
HTML transferred:       6150000000 bytes
Requests per second:    73917.95 [#/sec] (mean)
Time per request:       1.353 [ms] (mean)
Time per request:       0.014 [ms] (mean, across all concurrent requests)
Transfer rate:          61213.30 [Kbytes/sec] received

Connection Times (ms)
              min  mean[+/-sd] median   max
Connect:        0    1   0.1      1       2
Processing:     0    1   0.2      1      12
Waiting:        0    1   0.2      1      12
Total:          1    1   0.2      1      12

Percentage of the requests served within a certain time (ms)
  50%      1
  66%      1
  75%      1
  80%      1
  90%      1
  95%      2
  98%      2
  99%      2
 100%     12 (longest request)

native: 135.285s 3080kb
